Network output:
47.4 47.4 

Block 1 size: LinearLayer - Input size: 3, Output size: 4
Block 2 size: LinearLayer - Input size: 4, Output size: 4
Block 3 size: LinearLayer - Input size: 4, Output size: 2
Block 1:
LinearLayer expected weight dimensions: 3 (input) x 4 (output)
Bias: 1.0 1.0 1.0 1.0 
Flat weight vector: 0.5 0.6 0.7 0.8 0.9 1.0 1.1 1.2 1.3 1.4 1.5 1.6 
ReLUActivation: slope = 2.0, negative slope = 0.1
-----------------------------
Block 2:
LinearLayer expected weight dimensions: 4 (input) x 4 (output)
Bias: 1.0 1.0 1.0 1.0 
Flat weight vector: 1.0 1.0 1.0 1.0 1.0 1.0 1.0 1.0 1.0 1.0 1.0 1.0 1.0 1.0 1.0 1.0 
ReLUActivation: slope = 1.0, negative slope = 0.0
-----------------------------
Block 3:
LinearLayer expected weight dimensions: 4 (input) x 2 (output)
Bias: 1.0 1.0 
Flat weight vector: 1.0 1.0 1.0 1.0 1.0 1.0 1.0 1.0 
ReLUActivation: slope = 1.0, negative slope = 0.0
-----------------------------
